#
# A fatal error has been detected by the Java Runtime Environment:
#
#  EXCEPTION_ACCESS_VIOLATION (0xc0000005) at pc=0x00007ffb9fb40fe3, pid=21716, tid=20188
#
# JRE version:  (11.0.11+9) (build )
# Java VM: OpenJDK 64-Bit Server VM (11.0.11+9-LTS-sapmachine, mixed mode, sharing, tiered, compressed oops, g1 gc, windows-amd64)
# Problematic frame:
# V  [jvm.dll+0x1d0fe3]  protected: static void __cdecl ClassLoader::setup_boot_search_path(char const * __ptr64)+0x33
#
# No core dump will be written. Minidumps are not enabled by default on client versions of Windows
#
#

---------------  S U M M A R Y ------------

Command Line: -Dmaven.multiModuleProjectDirectory=C:\Users\C5286363\Downloads\jwt-example org.apache.maven.wrapper.MavenWrapperMain

Host: Intel(R) Core(TM) i5-6300U CPU @ 2.40GHz, 4 cores, 15G,  Windows 10 , 64 bit Build 19041 (10.0.19041.1151)
Time: Fri Aug 27 11:59:26 2021 India Standard Time elapsed time: 1.771982 seconds (0d 0h 0m 1s)

---------------  T H R E A D  ---------------

Current thread (0x0000029763f41000):  JavaThread "Unknown thread" [_thread_in_vm, id=20188, stack(0x000000de1de00000,0x000000de1df00000)]

Stack: [0x000000de1de00000,0x000000de1df00000],  sp=0x000000de1defec20,  free space=1019k
Native frames: (J=compiled Java code, j=interpreted, Vv=VM code, C=native code)
V  [jvm.dll+0x1d0fe3]  protected: static void __cdecl ClassLoader::setup_boot_search_path(char const * __ptr64)+0x33
V  [jvm.dll+0x1cf203]  public: static void __cdecl ClassLoader::initialize(void)+0x8d3
V  [jvm.dll+0x35227b]  long __cdecl init_globals(void)+0x3b
V  [jvm.dll+0x6f0a00]  public: static long __cdecl Threads::create_vm(struct JavaVMInitArgs * __ptr64,bool * __ptr64)+0x510
V  [jvm.dll+0x3b9e7f]  JNI_CreateJavaVM_inner+0x8f
V  [jvm.dll+0x3bc191]  JNI_CreateJavaVM+0x11
C  [jli.dll+0x520b]  JavaMain+0x113
C  [ucrtbase.dll+0x21bb2]
C  [KERNEL32.DLL+0x17034]
C  [ntdll.dll+0x52651]


siginfo: EXCEPTION_ACCESS_VIOLATION (0xc0000005), reading address 0x0000000000000000


Registers:
RAX=0x000027bc89e4ee48, RBX=0x0000000000000000, RCX=0x0000000000000000, RDX=0x0000000000000000
RSP=0x000000de1defec20, RBP=0x0000000000000000, RSI=0x0000029763f41000, RDI=0x0000000000000000
R8 =0x0000000000000000, R9 =0x0000000000000000, R10=0x0000000000000000, R11=0x000000de1defe9d0
R12=0x0000000000000000, R13=0x00007ffb9ff12810, R14=0x0000029761a544c8, R15=0x000000de1deff968
RIP=0x00007ffb9fb40fe3, EFLAGS=0x0000000000010256

Top of Stack: (sp=0x000000de1defec20)
0x000000de1defec20:   0000029761a59440 00007ffb9fc321b8
0x000000de1defec30:   000000de1deff968 0000000000000400
0x000000de1defec40:   0000000000000000 0000029763f41000
0x000000de1defec50:   000014d88dadd66d 00007ffb9ff12810
0x000000de1defec60:   000000de1defed40 000000de1deff968
0x000000de1defec70:   0000029761a544c8 00007ffb9ff12810
0x000000de1defec80:   0000000000000000 00007ffc159e0000
0x000000de1defec90:   00007ffba0189a20 0000000000000000
0x000000de1defeca0:   00007ffb9fb3f0aa 00007ffc34d353dc
0x000000de1defecb0:   000000de1defed40 0000000000000001
0x000000de1defecc0:   000027bc89e4ee48 0000029761a544c8
0x000000de1defecd0:   00007ffb00000000 00007ffb9ff12810
0x000000de1defece0:   0000029763f41000 000000de1defee00
0x000000de1defecf0:   0000000000000000 00007ffb9fb3f203
0x000000de1defed00:   00007ffc18b40000 00007ffc159ecfc8
0x000000de1defed10:   000000de1defee00 0000029763f41000 

Instructions: (pc=0x00007ffb9fb40fe3)
0x00007ffb9fb40ee3:   f0 ff 15 b6 39 59 00 48 8b cb 41 b1 01 48 2b 8c
0x00007ffb9fb40ef3:   24 90 00 00 00 45 33 c0 33 d2 c6 04 31 00 48 8b
0x00007ffb9fb40f03:   ce e8 87 0b 00 00 42 80 3c 33 3b 4a 8d 3c 33 75
0x00007ffb9fb40f13:   1c 0f 1f 40 00 0f 1f 84 00 00 00 00 00 48 ff c3
0x00007ffb9fb40f23:   ff c5 42 80 3c 33 3b 4a 8d 3c 33 74 f0 49 83 3c
0x00007ffb9fb40f33:   24 00 74 18 48 8b 94 24 98 00 00 00 49 8b cf e8
0x00007ffb9fb40f43:   29 cf ee ff 49 8b cc e8 91 ce ee ff 48 8b 44 24
0x00007ffb9fb40f53:   20 48 8d 4c 24 30 49 89 47 18 48 8b 44 24 28 49
0x00007ffb9fb40f63:   89 47 20 4d 89 67 10 e8 41 1c 0f 00 44 8b ed 48
0x00007ffb9fb40f73:   89 9c 24 90 00 00 00 48 3b 5c 24 38 0f 8c cd fe
0x00007ffb9fb40f83:   ff ff 4c 8b 7c 24 40 4c 8b 64 24 48 48 8b 7c 24
0x00007ffb9fb40f93:   50 48 8b 74 24 58 48 8b 9c 24 80 00 00 00 48 83
0x00007ffb9fb40fa3:   c4 60 41 5e 41 5d 5d c3 cc cc cc cc cc 40 53 55
0x00007ffb9fb40fb3:   56 41 55 48 81 ec b8 00 00 00 48 8b 05 a4 d2 80
0x00007ffb9fb40fc3:   00 48 33 c4 48 89 84 24 a0 00 00 00 48 8b e9 48
0x00007ffb9fb40fd3:   c7 c3 ff ff ff ff 0f 1f 80 00 00 00 00 48 ff c3
0x00007ffb9fb40fe3:   80 3c 0b 00 75 f7 33 f6 c6 44 24 30 01 40 38 35
0x00007ffb9fb40ff3:   79 d9 83 00 74 17 40 38 35 c0 3f 83 00 75 0e 33
0x00007ffb9fb41003:   d2 48 8d 0d 45 88 64 00 e8 70 bb 19 00 45 33 ed
0x00007ffb9fb41013:   85 db 0f 8e 11 02 00 00 48 89 bc 24 e8 00 00 00
0x00007ffb9fb41023:   48 8b fd 4c 89 a4 24 f0 00 00 00 48 63 c3 33 db
0x00007ffb9fb41033:   4c 89 b4 24 f8 00 00 00 4c 89 bc 24 b0 00 00 00
0x00007ffb9fb41043:   48 89 44 24 68 48 89 74 24 40 0f 1f 00 0f b6 07
0x00007ffb9fb41053:   84 c0 74 12 3c 3b 74 0e 0f b6 44 2b 01 48 ff c3
0x00007ffb9fb41063:   ff c6 84 c0 75 ee 48 8d 54 24 38 48 c7 44 24 38
0x00007ffb9fb41073:   00 00 00 00 48 8d 4c 24 60 e8 af 1a 0f 00 48 8b
0x00007ffb9fb41083:   44 24 38 33 d2 4c 8b b0 78 02 00 00 49 8b 46 18
0x00007ffb9fb41093:   4d 8b 66 10 48 89 44 24 50 49 8b 46 20 48 89 44
0x00007ffb9fb410a3:   24 58 49 8b 46 28 48 89 44 24 48 8b c6 41 2b c5
0x00007ffb9fb410b3:   48 63 f8 48 8d 4f 01 e8 e1 17 48 00 49 63 d5 4c
0x00007ffb9fb410c3:   8b c7 48 03 d5 48 8b c8 4c 8b f8 ff 15 cc 37 59
0x00007ffb9fb410d3:   00 48 8b cb 48 2b 4c 24 40 80 7c 24 30 00 42 c6 



---------------  P R O C E S S  ---------------

Threads class SMR info:
_java_thread_list=0x0000029761a42dc0, length=0, elements={
}

Java Threads: ( => current thread )

Other Threads:

=>0x0000029763f41000 (exited) JavaThread "Unknown thread" [_thread_in_vm, id=20188, stack(0x000000de1de00000,0x000000de1df00000)]

Threads with active compile tasks:

VM state:not at safepoint (not fully initialized)

VM Mutex/Monitor currently owned by a thread: None


[error occurred during error reporting (printing compressed oops mode), id 0xc0000005, EXCEPTION_ACCESS_VIOLATION (0xc0000005) at pc=0x00007ffba007e717]

Deoptimization events (0 events):
No events

Classes redefined (0 events):
No events

Internal exceptions (0 events):
No events

Events (1 events):
Event: 1.634 Loaded shared library C:\Program Files\SapMachine\JDK\11\bin\zip.dll


Dynamic libraries:
0x00007ff6989c0000 - 0x00007ff6989cd000 	C:\Program Files\SapMachine\JDK\11\bin\java.exe
0x00007ffc37410000 - 0x00007ffc37605000 	C:\WINDOWS\SYSTEM32\ntdll.dll
0x00007ffc36880000 - 0x00007ffc3693d000 	C:\WINDOWS\System32\KERNEL32.DLL
0x00007ffc34d30000 - 0x00007ffc34ff9000 	C:\WINDOWS\System32\KERNELBASE.dll
0x00007ffc35000000 - 0x00007ffc35100000 	C:\WINDOWS\System32\ucrtbase.dll
0x00007ffc2ce20000 - 0x00007ffc2ce35000 	C:\Program Files\SapMachine\JDK\11\bin\VCRUNTIME140.dll
0x00007ffc2bf40000 - 0x00007ffc2bf57000 	C:\Program Files\SapMachine\JDK\11\bin\jli.dll
0x00007ffc369f0000 - 0x00007ffc36b90000 	C:\WINDOWS\System32\USER32.dll
0x00007ffc20030000 - 0x00007ffc202ca000 	C:\WINDOWS\WinSxS\amd64_microsoft.windows.common-controls_6595b64144ccf1df_6.0.19041.1110_none_60b5254171f9507e\COMCTL32.dll
0x00007ffc34c20000 - 0x00007ffc34c42000 	C:\WINDOWS\System32\win32u.dll
0x00007ffc35a60000 - 0x00007ffc35afe000 	C:\WINDOWS\System32\msvcrt.dll
0x00007ffc369c0000 - 0x00007ffc369ea000 	C:\WINDOWS\System32\GDI32.dll
0x00007ffc35360000 - 0x00007ffc3546b000 	C:\WINDOWS\System32\gdi32full.dll
0x00007ffc35100000 - 0x00007ffc3519d000 	C:\WINDOWS\System32\msvcp_win.dll
0x00007ffc36d40000 - 0x00007ffc36d70000 	C:\WINDOWS\System32\IMM32.DLL
0x00007ffbfe3e0000 - 0x00007ffbfe484000 	C:\Program Files\McAfee\Endpoint Security\Threat Prevention\Ips\EpMPApi.dll
0x00007ffc36c10000 - 0x00007ffc36d3a000 	C:\WINDOWS\System32\RPCRT4.dll
0x00007ffc35950000 - 0x00007ffc359fc000 	C:\WINDOWS\System32\ADVAPI32.dll
0x00007ffc35db0000 - 0x00007ffc35e4b000 	C:\WINDOWS\System32\sechost.dll
0x00007ffc351a0000 - 0x00007ffc35200000 	C:\WINDOWS\System32\WINTRUST.dll
0x00007ffc35200000 - 0x00007ffc3535f000 	C:\WINDOWS\System32\CRYPT32.dll
0x00007ffc34720000 - 0x00007ffc34732000 	C:\WINDOWS\SYSTEM32\MSASN1.dll
0x000000005eac0000 - 0x000000005eacc000 	C:\Program Files\McAfee\Endpoint Security\Threat Prevention\Ips\EpMPThe.dll
0x00007ffbfe520000 - 0x00007ffbfe579000 	C:\Program Files\McAfee\Endpoint Security\Threat Prevention\Ips\HIPHandlers64.dll
0x00007ffc35e50000 - 0x00007ffc35ea5000 	C:\WINDOWS\System32\SHLWAPI.dll
0x00007ffc32de0000 - 0x00007ffc32fc4000 	C:\WINDOWS\SYSTEM32\dbghelp.dll
0x00007ffc15730000 - 0x00007ffc157cb000 	C:\Program Files\SapMachine\JDK\11\bin\msvcp140.dll
0x00007ffb9f970000 - 0x00007ffba044d000 	C:\Program Files\SapMachine\JDK\11\bin\server\jvm.dll
0x00007ffc372a0000 - 0x00007ffc372a8000 	C:\WINDOWS\System32\PSAPI.DLL
0x00007ffc28ea0000 - 0x00007ffc28ea9000 	C:\WINDOWS\SYSTEM32\WSOCK32.dll
0x00007ffc29280000 - 0x00007ffc292a7000 	C:\WINDOWS\SYSTEM32\WINMM.dll
0x00007ffc292b0000 - 0x00007ffc292ba000 	C:\WINDOWS\SYSTEM32\VERSION.dll
0x00007ffc36940000 - 0x00007ffc369ab000 	C:\WINDOWS\System32\WS2_32.dll
0x00007ffc33280000 - 0x00007ffc33292000 	C:\WINDOWS\SYSTEM32\kernel.appcore.dll
0x00007ffc2f3a0000 - 0x00007ffc2f3b0000 	C:\Program Files\SapMachine\JDK\11\bin\verify.dll
0x00007ffc1db10000 - 0x00007ffc1db3c000 	C:\WINDOWS\SYSTEM32\dbgcore.DLL
0x00007ffc34b40000 - 0x00007ffc34bc3000 	C:\WINDOWS\System32\bcryptPrimitives.dll
0x00007ffc159e0000 - 0x00007ffc15a08000 	C:\Program Files\SapMachine\JDK\11\bin\java.dll
0x00007ffc2f220000 - 0x00007ffc2f22a000 	C:\Program Files\SapMachine\JDK\11\bin\jimage.dll
0x00007ffc18b40000 - 0x00007ffc18b57000 	C:\Program Files\SapMachine\JDK\11\bin\zip.dll

dbghelp: loaded successfully - version: 4.0.5 - missing functions: none
symbol engine: initialized successfully - sym options: 0x614 - pdb path: .;C:\Program Files\SapMachine\JDK\11\bin;C:\WINDOWS\SYSTEM32;C:\WINDOWS\WinSxS\amd64_microsoft.windows.common-controls_6595b64144ccf1df_6.0.19041.1110_none_60b5254171f9507e;C:\Program Files\McAfee\Endpoint Security\Threat Prevention\Ips;C:\Program Files\SapMachine\JDK\11\bin\server

VM Arguments:
jvm_args: -Dmaven.multiModuleProjectDirectory=C:\Users\C5286363\Downloads\jwt-example 
java_command: org.apache.maven.wrapper.MavenWrapperMain
java_class_path (initial): C:\Users\C5286363\Downloads\jwt-example\.mvn\wrapper\maven-wrapper.jar
Launcher Type: SUN_STANDARD

[Global flags]
     uint G1ConcRefinementThreads                  = 4                                         {product} {ergonomic}
    uintx GCDrainStackTargetSize                   = 64                                        {product} {ergonomic}
   size_t InitialHeapSize                          = 265502208                                 {product} {ergonomic}
   size_t MaxHeapSize                              = 4248035328                                {product} {ergonomic}
    uintx ReservedCodeCacheSize                    = 251658240                              {pd product} {ergonomic}
     bool SegmentedCodeCache                       = true                                      {product} {ergonomic}
     bool UseCompressedClassPointers               = true                                 {lp64_product} {ergonomic}
     bool UseCompressedOops                        = true                                 {lp64_product} {ergonomic}
     bool UseG1GC                                  = true                                      {product} {ergonomic}
     bool UseLargePagesIndividualAllocation        = false                                  {pd product} {ergonomic}

Logging:
Log output configuration:
 #0: stdout all=warning uptime,level,tags
 #1: stderr all=off uptime,level,tags

Environment Variables:
JAVA_HOME=C:\Program Files\SapMachine\JDK\11\
PATH=C:\Program Files\SapMachine\JDK\11\bin;C:\Program Files (x86)\Common Files\Oracle\Java\javapath;C:\oraclexe\app\oracle\product\11.2.0\server\bin;C:\WINDOWS\system32;C:\WINDOWS;C:\WINDOWS\System32\Wbem;C:\WINDOWS\System32\WindowsPowerShell\v1.0\;C:\WINDOWS\System32\OpenSSH\;C:\Program Files\TortoiseGit\bin;C:\Program Files\SapMachine\JDK\11\\bin;C:\JAVASP_WS_PR\maven\apache-maven-3.2.2\bin;C:\tools\gradle-5.6.3\bin;C:\tools\apache-ant-1.8.4\bin;C:\Program Files (x86)\Intel\Intel(R) Management Engine Components\DAL;C:\Program Files\Intel\Intel(R) Management Engine Components\DAL;C:\Program Files\PuTTY\;C:\Program Files\Git\cmd;C:\Users\C5286363\AppData\Local\Microsoft\WindowsApps
USERNAME=C5286363
OS=Windows_NT
PROCESSOR_IDENTIFIER=Intel64 Family 6 Model 78 Stepping 3, GenuineIntel


Vitals: (unavailable)

---------------  S Y S T E M  ---------------

OS: Windows 10 , 64 bit Build 19041 (10.0.19041.1151)
OS uptime: 0 days 3:24 hours

CPU:total 4 (initial active 4) 

Memory: 4k page, system-wide physical 16204M (3975M free)
TotalPageFile size 40780M (AvailPageFile size 23284M)
current process WorkingSet (physical memory assigned to process): 18M, peak: 19M
current process commit charge ("private bytes"): 11M, peak: 11M

vm_info: OpenJDK 64-Bit Server VM (11.0.11+9-LTS-sapmachine) for windows-amd64 JRE (11.0.11+9-LTS-sapmachine), built on Apr 20 2021 18:15:55 by "jenkins" with MS VC++ 15.9 (VS2017)

END.
